2022-09-16 10:38:15.939 [background-preinit] INFO  org.hibernate.validator.internal.util.Version - HV000001: Hibernate Validator 6.2.0.Final
2022-09-16 10:38:15.941 [main] INFO  com.kingstar.student.StudentApplication - Starting StudentApplication using Java 1.8.0_131 on DESKTOP-DF16NQ2 with PID 4300 (E:\student\target\classes started by 16377 in E:\student)
2022-09-16 10:38:15.942 [main] INFO  com.kingstar.student.StudentApplication - The following profiles are active: dev
2022-09-16 10:38:17.036 [main] INFO  o.s.boot.web.embedded.tomcat.TomcatWebServer - Tomcat initialized with port(s): 8080 (http)
2022-09-16 10:38:17.044 [main] INFO  org.apache.coyote.http11.Http11NioProtocol - Initializing ProtocolHandler ["http-nio-8080"]
2022-09-16 10:38:17.045 [main] INFO  org.apache.catalina.core.StandardService - Starting service [Tomcat]
2022-09-16 10:38:17.045 [main] INFO  org.apache.catalina.core.StandardEngine - Starting Servlet engine: [Apache Tomcat/9.0.46]
2022-09-16 10:38:17.134 [main] INFO  o.a.c.core.ContainerBase.[Tomcat].[localhost].[/] - Initializing Spring embedded WebApplicationContext
2022-09-16 10:38:17.134 [main] INFO  o.s.b.w.s.c.ServletWebServerApplicationContext - Root WebApplicationContext: initialization completed in 1143 ms
2022-09-16 10:38:17.641 [main] INFO  s.d.s.w.PropertySourcedRequestMappingHandlerMapping - Mapped URL path [/v2/api-docs] onto method [springfox.documentation.swagger2.web.Swagger2Controller#getDocumentation(String, HttpServletRequest)]
2022-09-16 10:38:17.899 [main] INFO  org.apache.coyote.http11.Http11NioProtocol - Starting ProtocolHandler ["http-nio-8080"]
2022-09-16 10:38:17.913 [main] INFO  o.s.boot.web.embedded.tomcat.TomcatWebServer - Tomcat started on port(s): 8080 (http) with context path ''
2022-09-16 10:38:17.914 [main] INFO  s.d.s.web.plugins.DocumentationPluginsBootstrapper - Context refreshed
2022-09-16 10:38:17.928 [main] INFO  s.d.s.web.plugins.DocumentationPluginsBootstrapper - Found 1 custom documentation plugin(s)
2022-09-16 10:38:17.951 [main] INFO  s.d.spring.web.scanners.ApiListingReferenceScanner - Scanning for api listing references
2022-09-16 10:38:18.073 [main] INFO  s.d.s.w.r.operation.CachingOperationNameGenerator - Generating unique operation named: delStuUsingGET_1
2022-09-16 10:38:18.076 [main] INFO  s.d.s.w.r.operation.CachingOperationNameGenerator - Generating unique operation named: editStuUsingPOST_1
2022-09-16 10:38:18.079 [main] INFO  s.d.s.w.r.operation.CachingOperationNameGenerator - Generating unique operation named: insertStuUsingPOST_1
2022-09-16 10:38:18.080 [main] INFO  s.d.s.w.r.operation.CachingOperationNameGenerator - Generating unique operation named: selectStuByNumberUsingGET_1
2022-09-16 10:38:18.082 [main] INFO  s.d.s.w.r.operation.CachingOperationNameGenerator - Generating unique operation named: selectStuListUsingPOST_1
2022-09-16 10:38:18.097 [main] INFO  com.kingstar.student.StudentApplication - Started StudentApplication in 2.736 seconds (JVM running for 3.902)
2022-09-16 10:38:18.098 [main] INFO  o.s.boot.availability.ApplicationAvailabilityBean - Application availability state LivenessState changed to CORRECT
2022-09-16 10:38:18.100 [main] INFO  o.s.boot.availability.ApplicationAvailabilityBean - Application availability state ReadinessState changed to ACCEPTING_TRAFFIC
2022-09-16 10:40:25.059 [SpringContextShutdownHook] INFO  o.s.boot.availability.ApplicationAvailabilityBean - Application availability state ReadinessState changed from ACCEPTING_TRAFFIC to REFUSING_TRAFFIC
2022-09-16 10:40:28.801 [main] INFO  com.kingstar.student.StudentApplication - Starting StudentApplication using Java 1.8.0_131 on DESKTOP-DF16NQ2 with PID 9856 (E:\student\target\classes started by 16377 in E:\student)
2022-09-16 10:40:28.800 [background-preinit] INFO  org.hibernate.validator.internal.util.Version - HV000001: Hibernate Validator 6.2.0.Final
2022-09-16 10:40:28.804 [main] INFO  com.kingstar.student.StudentApplication - The following profiles are active: dev
2022-09-16 10:40:29.985 [main] INFO  o.s.boot.web.embedded.tomcat.TomcatWebServer - Tomcat initialized with port(s): 8080 (http)
2022-09-16 10:40:30.005 [main] INFO  org.apache.coyote.http11.Http11NioProtocol - Initializing ProtocolHandler ["http-nio-8080"]
2022-09-16 10:40:30.005 [main] INFO  org.apache.catalina.core.StandardService - Starting service [Tomcat]
2022-09-16 10:40:30.005 [main] INFO  org.apache.catalina.core.StandardEngine - Starting Servlet engine: [Apache Tomcat/9.0.46]
2022-09-16 10:40:30.089 [main] INFO  o.a.c.core.ContainerBase.[Tomcat].[localhost].[/] - Initializing Spring embedded WebApplicationContext
2022-09-16 10:40:30.090 [main] INFO  o.s.b.w.s.c.ServletWebServerApplicationContext - Root WebApplicationContext: initialization completed in 1237 ms
2022-09-16 10:40:30.606 [main] INFO  s.d.s.w.PropertySourcedRequestMappingHandlerMapping - Mapped URL path [/v2/api-docs] onto method [springfox.documentation.swagger2.web.Swagger2Controller#getDocumentation(String, HttpServletRequest)]
2022-09-16 10:40:30.881 [main] INFO  org.apache.coyote.http11.Http11NioProtocol - Starting ProtocolHandler ["http-nio-8080"]
2022-09-16 10:40:30.896 [main] INFO  o.s.boot.web.embedded.tomcat.TomcatWebServer - Tomcat started on port(s): 8080 (http) with context path ''
2022-09-16 10:40:30.897 [main] INFO  s.d.s.web.plugins.DocumentationPluginsBootstrapper - Context refreshed
2022-09-16 10:40:30.911 [main] INFO  s.d.s.web.plugins.DocumentationPluginsBootstrapper - Found 1 custom documentation plugin(s)
2022-09-16 10:40:30.933 [main] INFO  s.d.spring.web.scanners.ApiListingReferenceScanner - Scanning for api listing references
2022-09-16 10:40:31.061 [main] INFO  s.d.s.w.r.operation.CachingOperationNameGenerator - Generating unique operation named: delStuUsingGET_1
2022-09-16 10:40:31.066 [main] INFO  s.d.s.w.r.operation.CachingOperationNameGenerator - Generating unique operation named: editStuUsingPOST_1
2022-09-16 10:40:31.070 [main] INFO  s.d.s.w.r.operation.CachingOperationNameGenerator - Generating unique operation named: insertStuUsingPOST_1
2022-09-16 10:40:31.072 [main] INFO  s.d.s.w.r.operation.CachingOperationNameGenerator - Generating unique operation named: selectStuByNumberUsingGET_1
2022-09-16 10:40:31.075 [main] INFO  s.d.s.w.r.operation.CachingOperationNameGenerator - Generating unique operation named: selectStuListUsingPOST_1
2022-09-16 10:40:31.090 [main] INFO  com.kingstar.student.StudentApplication - Started StudentApplication in 2.864 seconds (JVM running for 4.106)
2022-09-16 10:40:31.091 [main] INFO  o.s.boot.availability.ApplicationAvailabilityBean - Application availability state LivenessState changed to CORRECT
2022-09-16 10:40:31.093 [main] INFO  o.s.boot.availability.ApplicationAvailabilityBean - Application availability state ReadinessState changed to ACCEPTING_TRAFFIC
2022-09-16 10:41:07.592 [http-nio-8080-exec-2] INFO  o.a.c.core.ContainerBase.[Tomcat].[localhost].[/] - Initializing Spring DispatcherServlet 'dispatcherServlet'
2022-09-16 10:41:07.592 [http-nio-8080-exec-2] INFO  org.springframework.web.servlet.DispatcherServlet - Initializing Servlet 'dispatcherServlet'
2022-09-16 10:41:07.593 [http-nio-8080-exec-2] INFO  org.springframework.web.servlet.DispatcherServlet - Completed initialization in 1 ms
2022-09-16 10:41:07.698 [http-nio-8080-exec-2] INFO  com.zaxxer.hikari.HikariDataSource - HikariPool-1 - Starting...
2022-09-16 10:41:07.816 [http-nio-8080-exec-2] INFO  com.zaxxer.hikari.HikariDataSource - HikariPool-1 - Start completed.
2022-09-16 10:44:02.497 [SpringContextShutdownHook] INFO  o.s.boot.availability.ApplicationAvailabilityBean - Application availability state ReadinessState changed from ACCEPTING_TRAFFIC to REFUSING_TRAFFIC
2022-09-16 10:44:05.970 [main] INFO  com.kingstar.student.StudentApplication - Starting StudentApplication using Java 1.8.0_131 on DESKTOP-DF16NQ2 with PID 20588 (E:\student\target\classes started by 16377 in E:\student)
2022-09-16 10:44:05.967 [background-preinit] INFO  org.hibernate.validator.internal.util.Version - HV000001: Hibernate Validator 6.2.0.Final
2022-09-16 10:44:05.971 [main] INFO  com.kingstar.student.StudentApplication - The following profiles are active: dev
2022-09-16 10:44:07.078 [main] INFO  o.s.boot.web.embedded.tomcat.TomcatWebServer - Tomcat initialized with port(s): 8080 (http)
2022-09-16 10:44:07.085 [main] INFO  org.apache.coyote.http11.Http11NioProtocol - Initializing ProtocolHandler ["http-nio-8080"]
2022-09-16 10:44:07.086 [main] INFO  org.apache.catalina.core.StandardService - Starting service [Tomcat]
2022-09-16 10:44:07.086 [main] INFO  org.apache.catalina.core.StandardEngine - Starting Servlet engine: [Apache Tomcat/9.0.46]
2022-09-16 10:44:07.174 [main] INFO  o.a.c.core.ContainerBase.[Tomcat].[localhost].[/] - Initializing Spring embedded WebApplicationContext
2022-09-16 10:44:07.174 [main] INFO  o.s.b.w.s.c.ServletWebServerApplicationContext - Root WebApplicationContext: initialization completed in 1155 ms
2022-09-16 10:44:07.656 [main] INFO  s.d.s.w.PropertySourcedRequestMappingHandlerMapping - Mapped URL path [/v2/api-docs] onto method [springfox.documentation.swagger2.web.Swagger2Controller#getDocumentation(String, HttpServletRequest)]
2022-09-16 10:44:07.916 [main] INFO  org.apache.coyote.http11.Http11NioProtocol - Starting ProtocolHandler ["http-nio-8080"]
2022-09-16 10:44:07.931 [main] INFO  o.s.boot.web.embedded.tomcat.TomcatWebServer - Tomcat started on port(s): 8080 (http) with context path ''
2022-09-16 10:44:07.932 [main] INFO  s.d.s.web.plugins.DocumentationPluginsBootstrapper - Context refreshed
2022-09-16 10:44:07.945 [main] INFO  s.d.s.web.plugins.DocumentationPluginsBootstrapper - Found 1 custom documentation plugin(s)
2022-09-16 10:44:07.969 [main] INFO  s.d.spring.web.scanners.ApiListingReferenceScanner - Scanning for api listing references
2022-09-16 10:44:08.092 [main] INFO  s.d.s.w.r.operation.CachingOperationNameGenerator - Generating unique operation named: delStuUsingGET_1
2022-09-16 10:44:08.095 [main] INFO  s.d.s.w.r.operation.CachingOperationNameGenerator - Generating unique operation named: editStuUsingPOST_1
2022-09-16 10:44:08.098 [main] INFO  s.d.s.w.r.operation.CachingOperationNameGenerator - Generating unique operation named: insertStuUsingPOST_1
2022-09-16 10:44:08.099 [main] INFO  s.d.s.w.r.operation.CachingOperationNameGenerator - Generating unique operation named: selectStuByNumberUsingGET_1
2022-09-16 10:44:08.102 [main] INFO  s.d.s.w.r.operation.CachingOperationNameGenerator - Generating unique operation named: selectStuListUsingPOST_1
2022-09-16 10:44:08.118 [main] INFO  com.kingstar.student.StudentApplication - Started StudentApplication in 2.682 seconds (JVM running for 3.728)
2022-09-16 10:44:08.119 [main] INFO  o.s.boot.availability.ApplicationAvailabilityBean - Application availability state LivenessState changed to CORRECT
2022-09-16 10:44:08.120 [main] INFO  o.s.boot.availability.ApplicationAvailabilityBean - Application availability state ReadinessState changed to ACCEPTING_TRAFFIC
2022-09-16 10:44:20.170 [http-nio-8080-exec-2] INFO  o.a.c.core.ContainerBase.[Tomcat].[localhost].[/] - Initializing Spring DispatcherServlet 'dispatcherServlet'
2022-09-16 10:44:20.171 [http-nio-8080-exec-2] INFO  org.springframework.web.servlet.DispatcherServlet - Initializing Servlet 'dispatcherServlet'
2022-09-16 10:44:20.172 [http-nio-8080-exec-2] INFO  org.springframework.web.servlet.DispatcherServlet - Completed initialization in 1 ms
2022-09-16 10:44:20.273 [http-nio-8080-exec-2] INFO  com.zaxxer.hikari.HikariDataSource - HikariPool-1 - Starting...
2022-09-16 10:44:20.399 [http-nio-8080-exec-2] INFO  com.zaxxer.hikari.HikariDataSource - HikariPool-1 - Start completed.
2022-09-16 10:50:19.757 [SpringContextShutdownHook] INFO  o.s.boot.availability.ApplicationAvailabilityBean - Application availability state ReadinessState changed from ACCEPTING_TRAFFIC to REFUSING_TRAFFIC
2022-09-16 10:50:29.641 [background-preinit] INFO  org.hibernate.validator.internal.util.Version - HV000001: Hibernate Validator 6.2.0.Final
2022-09-16 10:50:29.645 [main] INFO  com.kingstar.student.StudentApplication - Starting StudentApplication using Java 1.8.0_131 on DESKTOP-DF16NQ2 with PID 14280 (E:\student\target\classes started by 16377 in E:\student)
2022-09-16 10:50:29.645 [main] INFO  com.kingstar.student.StudentApplication - The following profiles are active: dev
2022-09-16 10:50:30.882 [main] INFO  o.s.boot.web.embedded.tomcat.TomcatWebServer - Tomcat initialized with port(s): 8080 (http)
2022-09-16 10:50:30.891 [main] INFO  org.apache.coyote.http11.Http11NioProtocol - Initializing ProtocolHandler ["http-nio-8080"]
2022-09-16 10:50:30.891 [main] INFO  org.apache.catalina.core.StandardService - Starting service [Tomcat]
2022-09-16 10:50:30.891 [main] INFO  org.apache.catalina.core.StandardEngine - Starting Servlet engine: [Apache Tomcat/9.0.46]
2022-09-16 10:50:30.977 [main] INFO  o.a.c.core.ContainerBase.[Tomcat].[localhost].[/] - Initializing Spring embedded WebApplicationContext
2022-09-16 10:50:30.978 [main] INFO  o.s.b.w.s.c.ServletWebServerApplicationContext - Root WebApplicationContext: initialization completed in 1282 ms
2022-09-16 10:50:31.279 [main] INFO  org.apache.catalina.core.StandardService - Stopping service [Tomcat]
2022-09-16 10:50:31.288 [main] INFO  o.s.b.a.l.ConditionEvaluationReportLoggingListener - 

Error starting ApplicationContext. To display the conditions report re-run your application with 'debug' enabled.
2022-09-16 10:56:12.272 [background-preinit] INFO  org.hibernate.validator.internal.util.Version - HV000001: Hibernate Validator 6.2.0.Final
2022-09-16 10:56:12.276 [main] INFO  com.kingstar.student.StudentApplication - Starting StudentApplication using Java 1.8.0_131 on DESKTOP-DF16NQ2 with PID 1980 (E:\student\target\classes started by 16377 in E:\student)
2022-09-16 10:56:12.276 [main] INFO  com.kingstar.student.StudentApplication - The following profiles are active: dev
2022-09-16 10:56:13.451 [main] INFO  o.s.boot.web.embedded.tomcat.TomcatWebServer - Tomcat initialized with port(s): 8080 (http)
2022-09-16 10:56:13.459 [main] INFO  org.apache.coyote.http11.Http11NioProtocol - Initializing ProtocolHandler ["http-nio-8080"]
2022-09-16 10:56:13.459 [main] INFO  org.apache.catalina.core.StandardService - Starting service [Tomcat]
2022-09-16 10:56:13.459 [main] INFO  org.apache.catalina.core.StandardEngine - Starting Servlet engine: [Apache Tomcat/9.0.46]
2022-09-16 10:56:13.540 [main] INFO  o.a.c.core.ContainerBase.[Tomcat].[localhost].[/] - Initializing Spring embedded WebApplicationContext
2022-09-16 10:56:13.540 [main] INFO  o.s.b.w.s.c.ServletWebServerApplicationContext - Root WebApplicationContext: initialization completed in 1222 ms
2022-09-16 10:56:13.995 [main] INFO  org.apache.catalina.core.StandardService - Stopping service [Tomcat]
2022-09-16 10:56:14.003 [main] INFO  o.s.b.a.l.ConditionEvaluationReportLoggingListener - 

Error starting ApplicationContext. To display the conditions report re-run your application with 'debug' enabled.
2022-09-16 11:05:47.578 [background-preinit] INFO  org.hibernate.validator.internal.util.Version - HV000001: Hibernate Validator 6.2.0.Final
2022-09-16 11:05:47.580 [main] INFO  com.kingstar.student.StudentApplication - Starting StudentApplication using Java 1.8.0_131 on DESKTOP-DF16NQ2 with PID 1556 (E:\student\target\classes started by 16377 in E:\student)
2022-09-16 11:05:47.581 [main] INFO  com.kingstar.student.StudentApplication - The following profiles are active: dev
2022-09-16 11:05:48.758 [main] INFO  o.s.boot.web.embedded.tomcat.TomcatWebServer - Tomcat initialized with port(s): 8080 (http)
2022-09-16 11:05:48.765 [main] INFO  org.apache.coyote.http11.Http11NioProtocol - Initializing ProtocolHandler ["http-nio-8080"]
2022-09-16 11:05:48.765 [main] INFO  org.apache.catalina.core.StandardService - Starting service [Tomcat]
2022-09-16 11:05:48.766 [main] INFO  org.apache.catalina.core.StandardEngine - Starting Servlet engine: [Apache Tomcat/9.0.46]
2022-09-16 11:05:48.846 [main] INFO  o.a.c.core.ContainerBase.[Tomcat].[localhost].[/] - Initializing Spring embedded WebApplicationContext
2022-09-16 11:05:48.846 [main] INFO  o.s.b.w.s.c.ServletWebServerApplicationContext - Root WebApplicationContext: initialization completed in 1217 ms
2022-09-16 11:05:49.836 [main] INFO  org.apache.coyote.http11.Http11NioProtocol - Starting ProtocolHandler ["http-nio-8080"]
2022-09-16 11:05:49.851 [main] INFO  o.s.boot.web.embedded.tomcat.TomcatWebServer - Tomcat started on port(s): 8080 (http) with context path ''
2022-09-16 11:05:49.890 [main] INFO  com.kingstar.student.StudentApplication - Started StudentApplication in 2.902 seconds (JVM running for 3.979)
2022-09-16 11:05:49.891 [main] INFO  o.s.boot.availability.ApplicationAvailabilityBean - Application availability state LivenessState changed to CORRECT
2022-09-16 11:05:49.893 [main] INFO  o.s.boot.availability.ApplicationAvailabilityBean - Application availability state ReadinessState changed to ACCEPTING_TRAFFIC
2022-09-16 11:06:37.715 [http-nio-8080-exec-1] INFO  o.a.c.core.ContainerBase.[Tomcat].[localhost].[/] - Initializing Spring DispatcherServlet 'dispatcherServlet'
2022-09-16 11:06:37.716 [http-nio-8080-exec-1] INFO  org.springframework.web.servlet.DispatcherServlet - Initializing Servlet 'dispatcherServlet'
2022-09-16 11:06:37.717 [http-nio-8080-exec-1] INFO  org.springframework.web.servlet.DispatcherServlet - Completed initialization in 1 ms
2022-09-16 11:11:05.561 [SpringContextShutdownHook] INFO  o.s.boot.availability.ApplicationAvailabilityBean - Application availability state ReadinessState changed from ACCEPTING_TRAFFIC to REFUSING_TRAFFIC
2022-09-16 11:11:14.477 [background-preinit] INFO  org.hibernate.validator.internal.util.Version - HV000001: Hibernate Validator 6.2.0.Final
2022-09-16 11:11:14.480 [main] INFO  com.kingstar.student.StudentApplication - Starting StudentApplication using Java 1.8.0_131 on DESKTOP-DF16NQ2 with PID 12432 (E:\student\target\classes started by 16377 in E:\student)
2022-09-16 11:11:14.481 [main] INFO  com.kingstar.student.StudentApplication - The following profiles are active: dev
2022-09-16 11:11:15.439 [main] INFO  o.s.boot.web.embedded.tomcat.TomcatWebServer - Tomcat initialized with port(s): 8080 (http)
2022-09-16 11:11:15.448 [main] INFO  org.apache.coyote.http11.Http11NioProtocol - Initializing ProtocolHandler ["http-nio-8080"]
2022-09-16 11:11:15.448 [main] INFO  org.apache.catalina.core.StandardService - Starting service [Tomcat]
2022-09-16 11:11:15.448 [main] INFO  org.apache.catalina.core.StandardEngine - Starting Servlet engine: [Apache Tomcat/9.0.46]
2022-09-16 11:11:15.535 [main] INFO  o.a.c.core.ContainerBase.[Tomcat].[localhost].[/] - Initializing Spring embedded WebApplicationContext
2022-09-16 11:11:15.535 [main] INFO  o.s.b.w.s.c.ServletWebServerApplicationContext - Root WebApplicationContext: initialization completed in 1000 ms
2022-09-16 11:11:16.184 [main] INFO  org.apache.coyote.http11.Http11NioProtocol - Starting ProtocolHandler ["http-nio-8080"]
2022-09-16 11:11:16.199 [main] INFO  o.s.boot.web.embedded.tomcat.TomcatWebServer - Tomcat started on port(s): 8080 (http) with context path ''
2022-09-16 11:11:16.207 [main] INFO  com.kingstar.student.StudentApplication - Started StudentApplication in 2.373 seconds (JVM running for 3.656)
2022-09-16 11:11:16.208 [main] INFO  o.s.boot.availability.ApplicationAvailabilityBean - Application availability state LivenessState changed to CORRECT
2022-09-16 11:11:16.209 [main] INFO  o.s.boot.availability.ApplicationAvailabilityBean - Application availability state ReadinessState changed to ACCEPTING_TRAFFIC
2022-09-16 11:12:18.274 [http-nio-8080-exec-1] INFO  o.a.c.core.ContainerBase.[Tomcat].[localhost].[/] - Initializing Spring DispatcherServlet 'dispatcherServlet'
2022-09-16 11:12:18.275 [http-nio-8080-exec-1] INFO  org.springframework.web.servlet.DispatcherServlet - Initializing Servlet 'dispatcherServlet'
2022-09-16 11:12:18.276 [http-nio-8080-exec-1] INFO  org.springframework.web.servlet.DispatcherServlet - Completed initialization in 1 ms
2022-09-16 11:12:39.794 [http-nio-8080-exec-4] INFO  com.zaxxer.hikari.HikariDataSource - HikariPool-1 - Starting...
2022-09-16 11:12:39.909 [http-nio-8080-exec-4] INFO  com.zaxxer.hikari.HikariDataSource - HikariPool-1 - Start completed.
2022-09-16 11:24:49.212 [SpringContextShutdownHook] INFO  o.s.boot.availability.ApplicationAvailabilityBean - Application availability state ReadinessState changed from ACCEPTING_TRAFFIC to REFUSING_TRAFFIC
2022-09-16 11:24:54.615 [background-preinit] INFO  org.hibernate.validator.internal.util.Version - HV000001: Hibernate Validator 6.2.0.Final
2022-09-16 11:24:54.615 [main] INFO  com.kingstar.student.StudentApplication - Starting StudentApplication using Java 1.8.0_131 on DESKTOP-DF16NQ2 with PID 5188 (E:\student\target\classes started by 16377 in E:\student)
2022-09-16 11:24:54.618 [main] INFO  com.kingstar.student.StudentApplication - The following profiles are active: dev
2022-09-16 11:24:55.533 [main] INFO  o.s.boot.web.embedded.tomcat.TomcatWebServer - Tomcat initialized with port(s): 8080 (http)
2022-09-16 11:24:55.541 [main] INFO  org.apache.coyote.http11.Http11NioProtocol - Initializing ProtocolHandler ["http-nio-8080"]
2022-09-16 11:24:55.541 [main] INFO  org.apache.catalina.core.StandardService - Starting service [Tomcat]
2022-09-16 11:24:55.542 [main] INFO  org.apache.catalina.core.StandardEngine - Starting Servlet engine: [Apache Tomcat/9.0.46]
2022-09-16 11:24:55.625 [main] INFO  o.a.c.core.ContainerBase.[Tomcat].[localhost].[/] - Initializing Spring embedded WebApplicationContext
2022-09-16 11:24:55.625 [main] INFO  o.s.b.w.s.c.ServletWebServerApplicationContext - Root WebApplicationContext: initialization completed in 956 ms
2022-09-16 11:24:56.211 [main] INFO  org.apache.coyote.http11.Http11NioProtocol - Starting ProtocolHandler ["http-nio-8080"]
2022-09-16 11:24:56.226 [main] INFO  o.s.boot.web.embedded.tomcat.TomcatWebServer - Tomcat started on port(s): 8080 (http) with context path ''
2022-09-16 11:24:56.234 [main] INFO  com.kingstar.student.StudentApplication - Started StudentApplication in 2.16 seconds (JVM running for 3.379)
2022-09-16 11:24:56.235 [main] INFO  o.s.boot.availability.ApplicationAvailabilityBean - Application availability state LivenessState changed to CORRECT
2022-09-16 11:24:56.237 [main] INFO  o.s.boot.availability.ApplicationAvailabilityBean - Application availability state ReadinessState changed to ACCEPTING_TRAFFIC
2022-09-16 11:24:56.337 [http-nio-8080-exec-1] INFO  o.a.c.core.ContainerBase.[Tomcat].[localhost].[/] - Initializing Spring DispatcherServlet 'dispatcherServlet'
2022-09-16 11:24:56.337 [http-nio-8080-exec-1] INFO  org.springframework.web.servlet.DispatcherServlet - Initializing Servlet 'dispatcherServlet'
2022-09-16 11:24:56.338 [http-nio-8080-exec-1] INFO  org.springframework.web.servlet.DispatcherServlet - Completed initialization in 1 ms
2022-09-16 11:26:20.815 [main] INFO  com.kingstar.student.StudentApplication - Starting StudentApplication using Java 1.8.0_131 on DESKTOP-DF16NQ2 with PID 4380 (E:\student\target\classes started by 16377 in E:\student)
2022-09-16 11:26:20.812 [background-preinit] INFO  org.hibernate.validator.internal.util.Version - HV000001: Hibernate Validator 6.2.0.Final
2022-09-16 11:26:20.817 [main] INFO  com.kingstar.student.StudentApplication - The following profiles are active: dev
2022-09-16 11:26:21.791 [main] INFO  o.s.boot.web.embedded.tomcat.TomcatWebServer - Tomcat initialized with port(s): 8080 (http)
2022-09-16 11:26:21.798 [main] INFO  org.apache.coyote.http11.Http11NioProtocol - Initializing ProtocolHandler ["http-nio-8080"]
2022-09-16 11:26:21.799 [main] INFO  org.apache.catalina.core.StandardService - Starting service [Tomcat]
2022-09-16 11:26:21.800 [main] INFO  org.apache.catalina.core.StandardEngine - Starting Servlet engine: [Apache Tomcat/9.0.46]
2022-09-16 11:26:21.884 [main] INFO  o.a.c.core.ContainerBase.[Tomcat].[localhost].[/] - Initializing Spring embedded WebApplicationContext
2022-09-16 11:26:21.885 [main] INFO  o.s.b.w.s.c.ServletWebServerApplicationContext - Root WebApplicationContext: initialization completed in 1011 ms
2022-09-16 11:26:22.475 [main] INFO  org.apache.coyote.http11.Http11NioProtocol - Starting ProtocolHandler ["http-nio-8080"]
2022-09-16 11:26:22.490 [main] INFO  o.s.boot.web.embedded.tomcat.TomcatWebServer - Tomcat started on port(s): 8080 (http) with context path ''
2022-09-16 11:26:22.498 [main] INFO  com.kingstar.student.StudentApplication - Started StudentApplication in 2.286 seconds (JVM running for 3.513)
2022-09-16 11:26:22.499 [main] INFO  o.s.boot.availability.ApplicationAvailabilityBean - Application availability state LivenessState changed to CORRECT
2022-09-16 11:26:22.501 [main] INFO  o.s.boot.availability.ApplicationAvailabilityBean - Application availability state ReadinessState changed to ACCEPTING_TRAFFIC
2022-09-16 11:26:22.544 [http-nio-8080-exec-1] INFO  o.a.c.core.ContainerBase.[Tomcat].[localhost].[/] - Initializing Spring DispatcherServlet 'dispatcherServlet'
2022-09-16 11:26:22.544 [http-nio-8080-exec-1] INFO  org.springframework.web.servlet.DispatcherServlet - Initializing Servlet 'dispatcherServlet'
2022-09-16 11:26:22.545 [http-nio-8080-exec-1] INFO  org.springframework.web.servlet.DispatcherServlet - Completed initialization in 1 ms
2022-09-16 11:27:33.426 [SpringContextShutdownHook] INFO  o.s.boot.availability.ApplicationAvailabilityBean - Application availability state ReadinessState changed from ACCEPTING_TRAFFIC to REFUSING_TRAFFIC
2022-09-16 11:27:38.514 [main] INFO  com.kingstar.student.StudentApplication - Starting StudentApplication using Java 1.8.0_131 on DESKTOP-DF16NQ2 with PID 23512 (E:\student\target\classes started by 16377 in E:\student)
2022-09-16 11:27:38.514 [background-preinit] INFO  org.hibernate.validator.internal.util.Version - HV000001: Hibernate Validator 6.2.0.Final
2022-09-16 11:27:38.517 [main] INFO  com.kingstar.student.StudentApplication - The following profiles are active: dev
2022-09-16 11:27:39.460 [main] INFO  o.s.boot.web.embedded.tomcat.TomcatWebServer - Tomcat initialized with port(s): 8080 (http)
2022-09-16 11:27:39.468 [main] INFO  org.apache.coyote.http11.Http11NioProtocol - Initializing ProtocolHandler ["http-nio-8080"]
2022-09-16 11:27:39.469 [main] INFO  org.apache.catalina.core.StandardService - Starting service [Tomcat]
2022-09-16 11:27:39.469 [main] INFO  org.apache.catalina.core.StandardEngine - Starting Servlet engine: [Apache Tomcat/9.0.46]
2022-09-16 11:27:39.555 [main] INFO  o.a.c.core.ContainerBase.[Tomcat].[localhost].[/] - Initializing Spring embedded WebApplicationContext
2022-09-16 11:27:39.555 [main] INFO  o.s.b.w.s.c.ServletWebServerApplicationContext - Root WebApplicationContext: initialization completed in 988 ms
2022-09-16 11:27:40.153 [main] INFO  org.apache.coyote.http11.Http11NioProtocol - Starting ProtocolHandler ["http-nio-8080"]
2022-09-16 11:27:40.167 [main] INFO  o.s.boot.web.embedded.tomcat.TomcatWebServer - Tomcat started on port(s): 8080 (http) with context path ''
2022-09-16 11:27:40.176 [main] INFO  com.kingstar.student.StudentApplication - Started StudentApplication in 2.228 seconds (JVM running for 3.346)
2022-09-16 11:27:40.177 [main] INFO  o.s.boot.availability.ApplicationAvailabilityBean - Application availability state LivenessState changed to CORRECT
2022-09-16 11:27:40.178 [main] INFO  o.s.boot.availability.ApplicationAvailabilityBean - Application availability state ReadinessState changed to ACCEPTING_TRAFFIC
2022-09-16 11:27:40.257 [http-nio-8080-exec-1] INFO  o.a.c.core.ContainerBase.[Tomcat].[localhost].[/] - Initializing Spring DispatcherServlet 'dispatcherServlet'
2022-09-16 11:27:40.257 [http-nio-8080-exec-1] INFO  org.springframework.web.servlet.DispatcherServlet - Initializing Servlet 'dispatcherServlet'
2022-09-16 11:27:40.258 [http-nio-8080-exec-1] INFO  org.springframework.web.servlet.DispatcherServlet - Completed initialization in 1 ms
2022-09-16 11:30:35.201 [SpringContextShutdownHook] INFO  o.s.boot.availability.ApplicationAvailabilityBean - Application availability state ReadinessState changed from ACCEPTING_TRAFFIC to REFUSING_TRAFFIC
2022-09-16 11:30:39.174 [background-preinit] INFO  org.hibernate.validator.internal.util.Version - HV000001: Hibernate Validator 6.2.0.Final
2022-09-16 11:30:39.179 [main] INFO  com.kingstar.student.StudentApplication - Starting StudentApplication using Java 1.8.0_131 on DESKTOP-DF16NQ2 with PID 21848 (E:\student\target\classes started by 16377 in E:\student)
2022-09-16 11:30:39.180 [main] INFO  com.kingstar.student.StudentApplication - The following profiles are active: dev
2022-09-16 11:30:40.092 [main] INFO  o.s.boot.web.embedded.tomcat.TomcatWebServer - Tomcat initialized with port(s): 8080 (http)
2022-09-16 11:30:40.100 [main] INFO  org.apache.coyote.http11.Http11NioProtocol - Initializing ProtocolHandler ["http-nio-8080"]
2022-09-16 11:30:40.100 [main] INFO  org.apache.catalina.core.StandardService - Starting service [Tomcat]
2022-09-16 11:30:40.101 [main] INFO  org.apache.catalina.core.StandardEngine - Starting Servlet engine: [Apache Tomcat/9.0.46]
2022-09-16 11:30:40.184 [main] INFO  o.a.c.core.ContainerBase.[Tomcat].[localhost].[/] - Initializing Spring embedded WebApplicationContext
2022-09-16 11:30:40.184 [main] INFO  o.s.b.w.s.c.ServletWebServerApplicationContext - Root WebApplicationContext: initialization completed in 959 ms
2022-09-16 11:30:40.855 [main] INFO  org.apache.coyote.http11.Http11NioProtocol - Starting ProtocolHandler ["http-nio-8080"]
2022-09-16 11:30:40.870 [main] INFO  o.s.boot.web.embedded.tomcat.TomcatWebServer - Tomcat started on port(s): 8080 (http) with context path ''
2022-09-16 11:30:40.878 [main] INFO  com.kingstar.student.StudentApplication - Started StudentApplication in 2.284 seconds (JVM running for 3.671)
2022-09-16 11:30:40.879 [main] INFO  o.s.boot.availability.ApplicationAvailabilityBean - Application availability state LivenessState changed to CORRECT
2022-09-16 11:30:40.880 [main] INFO  o.s.boot.availability.ApplicationAvailabilityBean - Application availability state ReadinessState changed to ACCEPTING_TRAFFIC
2022-09-16 11:31:00.880 [http-nio-8080-exec-1] INFO  o.a.c.core.ContainerBase.[Tomcat].[localhost].[/] - Initializing Spring DispatcherServlet 'dispatcherServlet'
2022-09-16 11:31:00.881 [http-nio-8080-exec-1] INFO  org.springframework.web.servlet.DispatcherServlet - Initializing Servlet 'dispatcherServlet'
2022-09-16 11:31:00.881 [http-nio-8080-exec-1] INFO  org.springframework.web.servlet.DispatcherServlet - Completed initialization in 0 ms
2022-09-16 11:33:18.666 [SpringContextShutdownHook] INFO  o.s.boot.availability.ApplicationAvailabilityBean - Application availability state ReadinessState changed from ACCEPTING_TRAFFIC to REFUSING_TRAFFIC
2022-09-16 11:33:24.131 [main] INFO  com.kingstar.student.StudentApplication - Starting StudentApplication using Java 1.8.0_131 on DESKTOP-DF16NQ2 with PID 18132 (E:\student\target\classes started by 16377 in E:\student)
2022-09-16 11:33:24.128 [background-preinit] INFO  org.hibernate.validator.internal.util.Version - HV000001: Hibernate Validator 6.2.0.Final
2022-09-16 11:33:24.132 [main] INFO  com.kingstar.student.StudentApplication - The following profiles are active: dev
2022-09-16 11:33:25.044 [main] INFO  o.s.boot.web.embedded.tomcat.TomcatWebServer - Tomcat initialized with port(s): 8080 (http)
2022-09-16 11:33:25.051 [main] INFO  org.apache.coyote.http11.Http11NioProtocol - Initializing ProtocolHandler ["http-nio-8080"]
2022-09-16 11:33:25.051 [main] INFO  org.apache.catalina.core.StandardService - Starting service [Tomcat]
2022-09-16 11:33:25.051 [main] INFO  org.apache.catalina.core.StandardEngine - Starting Servlet engine: [Apache Tomcat/9.0.46]
2022-09-16 11:33:25.129 [main] INFO  o.a.c.core.ContainerBase.[Tomcat].[localhost].[/] - Initializing Spring embedded WebApplicationContext
2022-09-16 11:33:25.130 [main] INFO  o.s.b.w.s.c.ServletWebServerApplicationContext - Root WebApplicationContext: initialization completed in 947 ms
2022-09-16 11:33:25.716 [main] INFO  org.apache.coyote.http11.Http11NioProtocol - Starting ProtocolHandler ["http-nio-8080"]
2022-09-16 11:33:25.731 [main] INFO  o.s.boot.web.embedded.tomcat.TomcatWebServer - Tomcat started on port(s): 8080 (http) with context path ''
2022-09-16 11:33:25.739 [main] INFO  com.kingstar.student.StudentApplication - Started StudentApplication in 2.187 seconds (JVM running for 3.237)
2022-09-16 11:33:25.741 [main] INFO  o.s.boot.availability.ApplicationAvailabilityBean - Application availability state LivenessState changed to CORRECT
2022-09-16 11:33:25.742 [main] INFO  o.s.boot.availability.ApplicationAvailabilityBean - Application availability state ReadinessState changed to ACCEPTING_TRAFFIC
2022-09-16 11:33:25.973 [http-nio-8080-exec-1] INFO  o.a.c.core.ContainerBase.[Tomcat].[localhost].[/] - Initializing Spring DispatcherServlet 'dispatcherServlet'
2022-09-16 11:33:25.973 [http-nio-8080-exec-1] INFO  org.springframework.web.servlet.DispatcherServlet - Initializing Servlet 'dispatcherServlet'
2022-09-16 11:33:25.974 [http-nio-8080-exec-1] INFO  org.springframework.web.servlet.DispatcherServlet - Completed initialization in 1 ms
2022-09-16 11:33:46.647 [SpringContextShutdownHook] INFO  o.s.boot.availability.ApplicationAvailabilityBean - Application availability state ReadinessState changed from ACCEPTING_TRAFFIC to REFUSING_TRAFFIC
2022-09-16 11:33:51.998 [main] INFO  com.kingstar.student.StudentApplication - Starting StudentApplication using Java 1.8.0_131 on DESKTOP-DF16NQ2 with PID 16540 (E:\student\target\classes started by 16377 in E:\student)
2022-09-16 11:33:51.996 [background-preinit] INFO  org.hibernate.validator.internal.util.Version - HV000001: Hibernate Validator 6.2.0.Final
2022-09-16 11:33:52.001 [main] INFO  com.kingstar.student.StudentApplication - The following profiles are active: dev
2022-09-16 11:33:53.535 [main] INFO  o.s.boot.web.embedded.tomcat.TomcatWebServer - Tomcat initialized with port(s): 8080 (http)
2022-09-16 11:33:53.543 [main] INFO  org.apache.coyote.http11.Http11NioProtocol - Initializing ProtocolHandler ["http-nio-8080"]
2022-09-16 11:33:53.543 [main] INFO  org.apache.catalina.core.StandardService - Starting service [Tomcat]
2022-09-16 11:33:53.543 [main] INFO  org.apache.catalina.core.StandardEngine - Starting Servlet engine: [Apache Tomcat/9.0.46]
2022-09-16 11:33:53.639 [main] INFO  o.a.c.core.ContainerBase.[Tomcat].[localhost].[/] - Initializing Spring embedded WebApplicationContext
2022-09-16 11:33:53.640 [main] INFO  o.s.b.w.s.c.ServletWebServerApplicationContext - Root WebApplicationContext: initialization completed in 1587 ms
2022-09-16 11:33:55.429 [main] INFO  s.d.s.w.PropertySourcedRequestMappingHandlerMapping - Mapped URL path [/v2/api-docs] onto method [springfox.documentation.swagger2.web.Swagger2Controller#getDocumentation(String, HttpServletRequest)]
2022-09-16 11:33:55.730 [main] INFO  org.apache.coyote.http11.Http11NioProtocol - Starting ProtocolHandler ["http-nio-8080"]
2022-09-16 11:33:55.745 [main] INFO  o.s.boot.web.embedded.tomcat.TomcatWebServer - Tomcat started on port(s): 8080 (http) with context path ''
2022-09-16 11:33:55.746 [main] INFO  s.d.s.web.plugins.DocumentationPluginsBootstrapper - Context refreshed
2022-09-16 11:33:55.803 [main] INFO  s.d.s.web.plugins.DocumentationPluginsBootstrapper - Found 1 custom documentation plugin(s)
2022-09-16 11:33:55.851 [main] INFO  s.d.spring.web.scanners.ApiListingReferenceScanner - Scanning for api listing references
2022-09-16 11:33:56.019 [main] INFO  s.d.s.w.r.operation.CachingOperationNameGenerator - Generating unique operation named: delStuUsingGET_1
2022-09-16 11:33:56.022 [main] INFO  s.d.s.w.r.operation.CachingOperationNameGenerator - Generating unique operation named: editStuUsingPOST_1
2022-09-16 11:33:56.026 [main] INFO  s.d.s.w.r.operation.CachingOperationNameGenerator - Generating unique operation named: insertStuUsingPOST_1
2022-09-16 11:33:56.029 [main] INFO  s.d.s.w.r.operation.CachingOperationNameGenerator - Generating unique operation named: selectStuByNumberUsingGET_1
2022-09-16 11:33:56.032 [main] INFO  s.d.s.w.r.operation.CachingOperationNameGenerator - Generating unique operation named: selectStuListUsingPOST_1
2022-09-16 11:33:56.052 [main] INFO  com.kingstar.student.StudentApplication - Started StudentApplication in 4.669 seconds (JVM running for 5.81)
2022-09-16 11:33:56.053 [main] INFO  o.s.boot.availability.ApplicationAvailabilityBean - Application availability state LivenessState changed to CORRECT
2022-09-16 11:33:56.054 [main] INFO  o.s.boot.availability.ApplicationAvailabilityBean - Application availability state ReadinessState changed to ACCEPTING_TRAFFIC
2022-09-16 11:34:11.584 [http-nio-8080-exec-1] INFO  o.a.c.core.ContainerBase.[Tomcat].[localhost].[/] - Initializing Spring DispatcherServlet 'dispatcherServlet'
2022-09-16 11:34:11.585 [http-nio-8080-exec-1] INFO  org.springframework.web.servlet.DispatcherServlet - Initializing Servlet 'dispatcherServlet'
2022-09-16 11:34:11.586 [http-nio-8080-exec-1] INFO  org.springframework.web.servlet.DispatcherServlet - Completed initialization in 1 ms
2022-09-16 13:18:14.653 [background-preinit] INFO  org.hibernate.validator.internal.util.Version - HV000001: Hibernate Validator 6.2.0.Final
2022-09-16 13:18:14.654 [main] INFO  com.kingstar.student.StudentApplication - Starting StudentApplication using Java 1.8.0_131 on DESKTOP-DF16NQ2 with PID 14280 (E:\student\target\classes started by 16377 in E:\student)
2022-09-16 13:18:14.656 [main] INFO  com.kingstar.student.StudentApplication - The following profiles are active: dev
2022-09-16 13:18:16.550 [main] INFO  o.s.boot.web.embedded.tomcat.TomcatWebServer - Tomcat initialized with port(s): 8080 (http)
2022-09-16 13:18:16.559 [main] INFO  org.apache.coyote.http11.Http11NioProtocol - Initializing ProtocolHandler ["http-nio-8080"]
2022-09-16 13:18:16.559 [main] INFO  org.apache.catalina.core.StandardService - Starting service [Tomcat]
2022-09-16 13:18:16.559 [main] INFO  org.apache.catalina.core.StandardEngine - Starting Servlet engine: [Apache Tomcat/9.0.46]
2022-09-16 13:18:16.698 [main] INFO  o.a.c.core.ContainerBase.[Tomcat].[localhost].[/] - Initializing Spring embedded WebApplicationContext
2022-09-16 13:18:16.699 [main] INFO  o.s.b.w.s.c.ServletWebServerApplicationContext - Root WebApplicationContext: initialization completed in 1954 ms
2022-09-16 13:18:17.456 [main] INFO  s.d.s.w.PropertySourcedRequestMappingHandlerMapping - Mapped URL path [/v2/api-docs] onto method [springfox.documentation.swagger2.web.Swagger2Controller#getDocumentation(String, HttpServletRequest)]
2022-09-16 13:18:17.785 [main] INFO  org.apache.coyote.http11.Http11NioProtocol - Starting ProtocolHandler ["http-nio-8080"]
2022-09-16 13:18:17.803 [main] INFO  o.s.boot.web.embedded.tomcat.TomcatWebServer - Tomcat started on port(s): 8080 (http) with context path ''
2022-09-16 13:18:17.804 [main] INFO  s.d.s.web.plugins.DocumentationPluginsBootstrapper - Context refreshed
2022-09-16 13:18:17.824 [main] INFO  s.d.s.web.plugins.DocumentationPluginsBootstrapper - Found 1 custom documentation plugin(s)
2022-09-16 13:18:17.855 [main] INFO  s.d.spring.web.scanners.ApiListingReferenceScanner - Scanning for api listing references
2022-09-16 13:18:18.017 [main] INFO  s.d.s.w.r.operation.CachingOperationNameGenerator - Generating unique operation named: delStuUsingGET_1
2022-09-16 13:18:18.020 [main] INFO  s.d.s.w.r.operation.CachingOperationNameGenerator - Generating unique operation named: editStuUsingPOST_1
2022-09-16 13:18:18.023 [main] INFO  s.d.s.w.r.operation.CachingOperationNameGenerator - Generating unique operation named: insertStuUsingPOST_1
2022-09-16 13:18:18.025 [main] INFO  s.d.s.w.r.operation.CachingOperationNameGenerator - Generating unique operation named: selectStuByNumberUsingGET_1
2022-09-16 13:18:18.027 [main] INFO  s.d.s.w.r.operation.CachingOperationNameGenerator - Generating unique operation named: selectStuListUsingPOST_1
2022-09-16 13:18:18.048 [main] INFO  com.kingstar.student.StudentApplication - Started StudentApplication in 4.154 seconds (JVM running for 5.739)
2022-09-16 13:18:18.049 [main] INFO  o.s.boot.availability.ApplicationAvailabilityBean - Application availability state LivenessState changed to CORRECT
2022-09-16 13:18:18.050 [main] INFO  o.s.boot.availability.ApplicationAvailabilityBean - Application availability state ReadinessState changed to ACCEPTING_TRAFFIC
2022-09-16 13:18:25.087 [http-nio-8080-exec-2] INFO  o.a.c.core.ContainerBase.[Tomcat].[localhost].[/] - Initializing Spring DispatcherServlet 'dispatcherServlet'
2022-09-16 13:18:25.087 [http-nio-8080-exec-2] INFO  org.springframework.web.servlet.DispatcherServlet - Initializing Servlet 'dispatcherServlet'
2022-09-16 13:18:25.088 [http-nio-8080-exec-2] INFO  org.springframework.web.servlet.DispatcherServlet - Completed initialization in 1 ms
2022-09-16 13:18:25.482 [http-nio-8080-exec-2] INFO  com.zaxxer.hikari.HikariDataSource - HikariPool-1 - Starting...
2022-09-16 13:18:25.874 [http-nio-8080-exec-2] INFO  com.zaxxer.hikari.HikariDataSource - HikariPool-1 - Start completed.
2022-09-16 13:22:12.310 [SpringContextShutdownHook] INFO  o.s.boot.availability.ApplicationAvailabilityBean - Application availability state ReadinessState changed from ACCEPTING_TRAFFIC to REFUSING_TRAFFIC
2022-09-16 13:22:15.666 [main] INFO  com.kingstar.student.StudentApplication - Starting StudentApplication using Java 1.8.0_131 on DESKTOP-DF16NQ2 with PID 23380 (E:\student\target\classes started by 16377 in E:\student)
2022-09-16 13:22:15.669 [main] INFO  com.kingstar.student.StudentApplication - The following profiles are active: dev
2022-09-16 13:22:15.668 [background-preinit] INFO  org.hibernate.validator.internal.util.Version - HV000001: Hibernate Validator 6.2.0.Final
2022-09-16 13:22:16.849 [main] INFO  o.s.boot.web.embedded.tomcat.TomcatWebServer - Tomcat initialized with port(s): 8080 (http)
2022-09-16 13:22:16.857 [main] INFO  org.apache.coyote.http11.Http11NioProtocol - Initializing ProtocolHandler ["http-nio-8080"]
2022-09-16 13:22:16.857 [main] INFO  org.apache.catalina.core.StandardService - Starting service [Tomcat]
2022-09-16 13:22:16.857 [main] INFO  org.apache.catalina.core.StandardEngine - Starting Servlet engine: [Apache Tomcat/9.0.46]
2022-09-16 13:22:16.940 [main] INFO  o.a.c.core.ContainerBase.[Tomcat].[localhost].[/] - Initializing Spring embedded WebApplicationContext
2022-09-16 13:22:16.940 [main] INFO  o.s.b.w.s.c.ServletWebServerApplicationContext - Root WebApplicationContext: initialization completed in 1224 ms
2022-09-16 13:22:17.458 [main] INFO  s.d.s.w.PropertySourcedRequestMappingHandlerMapping - Mapped URL path [/v2/api-docs] onto method [springfox.documentation.swagger2.web.Swagger2Controller#getDocumentation(String, HttpServletRequest)]
2022-09-16 13:22:17.767 [main] INFO  org.apache.coyote.http11.Http11NioProtocol - Starting ProtocolHandler ["http-nio-8080"]
2022-09-16 13:22:17.782 [main] INFO  o.s.boot.web.embedded.tomcat.TomcatWebServer - Tomcat started on port(s): 8080 (http) with context path ''
2022-09-16 13:22:17.783 [main] INFO  s.d.s.web.plugins.DocumentationPluginsBootstrapper - Context refreshed
2022-09-16 13:22:17.798 [main] INFO  s.d.s.web.plugins.DocumentationPluginsBootstrapper - Found 1 custom documentation plugin(s)
2022-09-16 13:22:17.827 [main] INFO  s.d.spring.web.scanners.ApiListingReferenceScanner - Scanning for api listing references
2022-09-16 13:22:17.952 [main] INFO  s.d.s.w.r.operation.CachingOperationNameGenerator - Generating unique operation named: delStuUsingGET_1
2022-09-16 13:22:17.955 [main] INFO  s.d.s.w.r.operation.CachingOperationNameGenerator - Generating unique operation named: editStuUsingPOST_1
2022-09-16 13:22:17.958 [main] INFO  s.d.s.w.r.operation.CachingOperationNameGenerator - Generating unique operation named: insertStuUsingPOST_1
2022-09-16 13:22:17.959 [main] INFO  s.d.s.w.r.operation.CachingOperationNameGenerator - Generating unique operation named: selectStuByNumberUsingGET_1
2022-09-16 13:22:17.961 [main] INFO  s.d.s.w.r.operation.CachingOperationNameGenerator - Generating unique operation named: selectStuListUsingPOST_1
2022-09-16 13:22:17.976 [main] INFO  com.kingstar.student.StudentApplication - Started StudentApplication in 2.889 seconds (JVM running for 4.425)
2022-09-16 13:22:17.977 [main] INFO  o.s.boot.availability.ApplicationAvailabilityBean - Application availability state LivenessState changed to CORRECT
2022-09-16 13:22:17.979 [main] INFO  o.s.boot.availability.ApplicationAvailabilityBean - Application availability state ReadinessState changed to ACCEPTING_TRAFFIC
2022-09-16 13:23:06.711 [http-nio-8080-exec-2] INFO  o.a.c.core.ContainerBase.[Tomcat].[localhost].[/] - Initializing Spring DispatcherServlet 'dispatcherServlet'
2022-09-16 13:23:06.711 [http-nio-8080-exec-2] INFO  org.springframework.web.servlet.DispatcherServlet - Initializing Servlet 'dispatcherServlet'
2022-09-16 13:23:06.712 [http-nio-8080-exec-2] INFO  org.springframework.web.servlet.DispatcherServlet - Completed initialization in 1 ms
2022-09-16 13:23:06.807 [http-nio-8080-exec-2] INFO  com.zaxxer.hikari.HikariDataSource - HikariPool-1 - Starting...
2022-09-16 13:23:06.920 [http-nio-8080-exec-2] INFO  com.zaxxer.hikari.HikariDataSource - HikariPool-1 - Start completed.
2022-09-16 13:27:10.387 [SpringContextShutdownHook] INFO  o.s.boot.availability.ApplicationAvailabilityBean - Application availability state ReadinessState changed from ACCEPTING_TRAFFIC to REFUSING_TRAFFIC
2022-09-16 13:27:14.427 [main] INFO  com.kingstar.student.StudentApplication - Starting StudentApplication using Java 1.8.0_131 on DESKTOP-DF16NQ2 with PID 23420 (E:\student\target\classes started by 16377 in E:\student)
2022-09-16 13:27:14.425 [background-preinit] INFO  org.hibernate.validator.internal.util.Version - HV000001: Hibernate Validator 6.2.0.Final
2022-09-16 13:27:14.429 [main] INFO  com.kingstar.student.StudentApplication - The following profiles are active: dev
2022-09-16 13:27:15.528 [main] INFO  o.s.boot.web.embedded.tomcat.TomcatWebServer - Tomcat initialized with port(s): 8080 (http)
2022-09-16 13:27:15.536 [main] INFO  org.apache.coyote.http11.Http11NioProtocol - Initializing ProtocolHandler ["http-nio-8080"]
2022-09-16 13:27:15.536 [main] INFO  org.apache.catalina.core.StandardService - Starting service [Tomcat]
2022-09-16 13:27:15.536 [main] INFO  org.apache.catalina.core.StandardEngine - Starting Servlet engine: [Apache Tomcat/9.0.46]
2022-09-16 13:27:15.625 [main] INFO  o.a.c.core.ContainerBase.[Tomcat].[localhost].[/] - Initializing Spring embedded WebApplicationContext
2022-09-16 13:27:15.625 [main] INFO  o.s.b.w.s.c.ServletWebServerApplicationContext - Root WebApplicationContext: initialization completed in 1147 ms
2022-09-16 13:27:16.126 [main] INFO  s.d.s.w.PropertySourcedRequestMappingHandlerMapping - Mapped URL path [/v2/api-docs] onto method [springfox.documentation.swagger2.web.Swagger2Controller#getDocumentation(String, HttpServletRequest)]
2022-09-16 13:27:16.461 [main] INFO  org.apache.coyote.http11.Http11NioProtocol - Starting ProtocolHandler ["http-nio-8080"]
2022-09-16 13:27:16.476 [main] INFO  o.s.boot.web.embedded.tomcat.TomcatWebServer - Tomcat started on port(s): 8080 (http) with context path ''
2022-09-16 13:27:16.477 [main] INFO  s.d.s.web.plugins.DocumentationPluginsBootstrapper - Context refreshed
2022-09-16 13:27:16.491 [main] INFO  s.d.s.web.plugins.DocumentationPluginsBootstrapper - Found 1 custom documentation plugin(s)
2022-09-16 13:27:16.518 [main] INFO  s.d.spring.web.scanners.ApiListingReferenceScanner - Scanning for api listing references
2022-09-16 13:27:16.642 [main] INFO  s.d.s.w.r.operation.CachingOperationNameGenerator - Generating unique operation named: delStuUsingGET_1
2022-09-16 13:27:16.645 [main] INFO  s.d.s.w.r.operation.CachingOperationNameGenerator - Generating unique operation named: editStuUsingPOST_1
2022-09-16 13:27:16.649 [main] INFO  s.d.s.w.r.operation.CachingOperationNameGenerator - Generating unique operation named: insertStuUsingPOST_1
2022-09-16 13:27:16.650 [main] INFO  s.d.s.w.r.operation.CachingOperationNameGenerator - Generating unique operation named: selectStuByNumberUsingGET_1
2022-09-16 13:27:16.652 [main] INFO  s.d.s.w.r.operation.CachingOperationNameGenerator - Generating unique operation named: selectStuListUsingPOST_1
2022-09-16 13:27:16.667 [main] INFO  com.kingstar.student.StudentApplication - Started StudentApplication in 2.782 seconds (JVM running for 3.882)
2022-09-16 13:27:16.669 [main] INFO  o.s.boot.availability.ApplicationAvailabilityBean - Application availability state LivenessState changed to CORRECT
2022-09-16 13:27:16.670 [main] INFO  o.s.boot.availability.ApplicationAvailabilityBean - Application availability state ReadinessState changed to ACCEPTING_TRAFFIC
2022-09-16 13:27:41.365 [http-nio-8080-exec-1] INFO  o.a.c.core.ContainerBase.[Tomcat].[localhost].[/] - Initializing Spring DispatcherServlet 'dispatcherServlet'
2022-09-16 13:27:41.365 [http-nio-8080-exec-1] INFO  org.springframework.web.servlet.DispatcherServlet - Initializing Servlet 'dispatcherServlet'
2022-09-16 13:27:41.366 [http-nio-8080-exec-1] INFO  org.springframework.web.servlet.DispatcherServlet - Completed initialization in 1 ms
2022-09-16 13:27:41.546 [http-nio-8080-exec-1] INFO  com.zaxxer.hikari.HikariDataSource - HikariPool-1 - Starting...
2022-09-16 13:27:41.679 [http-nio-8080-exec-1] INFO  com.zaxxer.hikari.HikariDataSource - HikariPool-1 - Start completed.
2022-09-16 13:32:15.169 [SpringContextShutdownHook] INFO  o.s.boot.availability.ApplicationAvailabilityBean - Application availability state ReadinessState changed from ACCEPTING_TRAFFIC to REFUSING_TRAFFIC
2022-09-16 13:32:18.846 [main] INFO  com.kingstar.student.StudentApplication - Starting StudentApplication using Java 1.8.0_131 on DESKTOP-DF16NQ2 with PID 21092 (E:\student\target\classes started by 16377 in E:\student)
2022-09-16 13:32:18.846 [background-preinit] INFO  org.hibernate.validator.internal.util.Version - HV000001: Hibernate Validator 6.2.0.Final
2022-09-16 13:32:18.849 [main] INFO  com.kingstar.student.StudentApplication - The following profiles are active: dev
2022-09-16 13:32:19.944 [main] INFO  o.s.boot.web.embedded.tomcat.TomcatWebServer - Tomcat initialized with port(s): 8080 (http)
2022-09-16 13:32:19.951 [main] INFO  org.apache.coyote.http11.Http11NioProtocol - Initializing ProtocolHandler ["http-nio-8080"]
2022-09-16 13:32:19.952 [main] INFO  org.apache.catalina.core.StandardService - Starting service [Tomcat]
2022-09-16 13:32:19.952 [main] INFO  org.apache.catalina.core.StandardEngine - Starting Servlet engine: [Apache Tomcat/9.0.46]
2022-09-16 13:32:20.039 [main] INFO  o.a.c.core.ContainerBase.[Tomcat].[localhost].[/] - Initializing Spring embedded WebApplicationContext
2022-09-16 13:32:20.039 [main] INFO  o.s.b.w.s.c.ServletWebServerApplicationContext - Root WebApplicationContext: initialization completed in 1141 ms
2022-09-16 13:32:20.203 [main] INFO  org.apache.catalina.core.StandardService - Stopping service [Tomcat]
2022-09-16 13:32:20.250 [main] INFO  o.s.b.a.l.ConditionEvaluationReportLoggingListener - 

Error starting ApplicationContext. To display the conditions report re-run your application with 'debug' enabled.
2022-09-16 13:34:16.630 [background-preinit] INFO  org.hibernate.validator.internal.util.Version - HV000001: Hibernate Validator 6.2.0.Final
2022-09-16 13:34:16.633 [main] INFO  com.kingstar.student.StudentApplication - Starting StudentApplication using Java 1.8.0_131 on DESKTOP-DF16NQ2 with PID 13124 (E:\student\target\classes started by 16377 in E:\student)
2022-09-16 13:34:16.634 [main] INFO  com.kingstar.student.StudentApplication - The following profiles are active: dev
2022-09-16 13:34:17.748 [main] INFO  o.s.boot.web.embedded.tomcat.TomcatWebServer - Tomcat initialized with port(s): 8080 (http)
2022-09-16 13:34:17.755 [main] INFO  org.apache.coyote.http11.Http11NioProtocol - Initializing ProtocolHandler ["http-nio-8080"]
2022-09-16 13:34:17.756 [main] INFO  org.apache.catalina.core.StandardService - Starting service [Tomcat]
2022-09-16 13:34:17.756 [main] INFO  org.apache.catalina.core.StandardEngine - Starting Servlet engine: [Apache Tomcat/9.0.46]
2022-09-16 13:34:17.843 [main] INFO  o.a.c.core.ContainerBase.[Tomcat].[localhost].[/] - Initializing Spring embedded WebApplicationContext
2022-09-16 13:34:17.843 [main] INFO  o.s.b.w.s.c.ServletWebServerApplicationContext - Root WebApplicationContext: initialization completed in 1159 ms
2022-09-16 13:34:18.329 [main] INFO  s.d.s.w.PropertySourcedRequestMappingHandlerMapping - Mapped URL path [/v2/api-docs] onto method [springfox.documentation.swagger2.web.Swagger2Controller#getDocumentation(String, HttpServletRequest)]
2022-09-16 13:34:18.582 [main] INFO  org.apache.coyote.http11.Http11NioProtocol - Starting ProtocolHandler ["http-nio-8080"]
2022-09-16 13:34:18.597 [main] INFO  o.s.boot.web.embedded.tomcat.TomcatWebServer - Tomcat started on port(s): 8080 (http) with context path ''
2022-09-16 13:34:18.598 [main] INFO  s.d.s.web.plugins.DocumentationPluginsBootstrapper - Context refreshed
2022-09-16 13:34:18.612 [main] INFO  s.d.s.web.plugins.DocumentationPluginsBootstrapper - Found 1 custom documentation plugin(s)
2022-09-16 13:34:18.639 [main] INFO  s.d.spring.web.scanners.ApiListingReferenceScanner - Scanning for api listing references
2022-09-16 13:34:18.764 [main] INFO  s.d.s.w.r.operation.CachingOperationNameGenerator - Generating unique operation named: delStuUsingGET_1
2022-09-16 13:34:18.767 [main] INFO  s.d.s.w.r.operation.CachingOperationNameGenerator - Generating unique operation named: editStuUsingPOST_1
2022-09-16 13:34:18.770 [main] INFO  s.d.s.w.r.operation.CachingOperationNameGenerator - Generating unique operation named: insertStuUsingPOST_1
2022-09-16 13:34:18.771 [main] INFO  s.d.s.w.r.operation.CachingOperationNameGenerator - Generating unique operation named: selectStuByNumberUsingGET_1
2022-09-16 13:34:18.774 [main] INFO  s.d.s.w.r.operation.CachingOperationNameGenerator - Generating unique operation named: selectStuListUsingPOST_1
2022-09-16 13:34:18.788 [main] INFO  com.kingstar.student.StudentApplication - Started StudentApplication in 2.698 seconds (JVM running for 3.913)
2022-09-16 13:34:18.790 [main] INFO  o.s.boot.availability.ApplicationAvailabilityBean - Application availability state LivenessState changed to CORRECT
2022-09-16 13:34:18.791 [main] INFO  o.s.boot.availability.ApplicationAvailabilityBean - Application availability state ReadinessState changed to ACCEPTING_TRAFFIC
2022-09-16 13:35:45.898 [http-nio-8080-exec-1] INFO  o.a.c.core.ContainerBase.[Tomcat].[localhost].[/] - Initializing Spring DispatcherServlet 'dispatcherServlet'
2022-09-16 13:35:45.898 [http-nio-8080-exec-1] INFO  org.springframework.web.servlet.DispatcherServlet - Initializing Servlet 'dispatcherServlet'
2022-09-16 13:35:45.899 [http-nio-8080-exec-1] INFO  org.springframework.web.servlet.DispatcherServlet - Completed initialization in 1 ms
2022-09-16 13:35:45.999 [http-nio-8080-exec-1] INFO  com.zaxxer.hikari.HikariDataSource - HikariPool-1 - Starting...
2022-09-16 13:35:46.114 [http-nio-8080-exec-1] INFO  com.zaxxer.hikari.HikariDataSource - HikariPool-1 - Start completed.
2022-09-16 13:45:16.880 [SpringContextShutdownHook] INFO  o.s.boot.availability.ApplicationAvailabilityBean - Application availability state ReadinessState changed from ACCEPTING_TRAFFIC to REFUSING_TRAFFIC
2022-09-16 13:45:22.401 [main] INFO  com.kingstar.student.StudentApplication - Starting StudentApplication using Java 1.8.0_131 on DESKTOP-DF16NQ2 with PID 22520 (E:\student\target\classes started by 16377 in E:\student)
2022-09-16 13:45:22.402 [background-preinit] INFO  org.hibernate.validator.internal.util.Version - HV000001: Hibernate Validator 6.2.0.Final
2022-09-16 13:45:22.404 [main] INFO  com.kingstar.student.StudentApplication - The following profiles are active: dev
2022-09-16 13:45:23.512 [main] INFO  o.s.boot.web.embedded.tomcat.TomcatWebServer - Tomcat initialized with port(s): 8080 (http)
2022-09-16 13:45:23.530 [main] INFO  org.apache.coyote.http11.Http11NioProtocol - Initializing ProtocolHandler ["http-nio-8080"]
2022-09-16 13:45:23.530 [main] INFO  org.apache.catalina.core.StandardService - Starting service [Tomcat]
2022-09-16 13:45:23.530 [main] INFO  org.apache.catalina.core.StandardEngine - Starting Servlet engine: [Apache Tomcat/9.0.46]
2022-09-16 13:45:23.605 [main] INFO  o.a.c.core.ContainerBase.[Tomcat].[localhost].[/] - Initializing Spring embedded WebApplicationContext
2022-09-16 13:45:23.606 [main] INFO  o.s.b.w.s.c.ServletWebServerApplicationContext - Root WebApplicationContext: initialization completed in 1152 ms
2022-09-16 13:45:24.089 [main] INFO  s.d.s.w.PropertySourcedRequestMappingHandlerMapping - Mapped URL path [/v2/api-docs] onto method [springfox.documentation.swagger2.web.Swagger2Controller#getDocumentation(String, HttpServletRequest)]
2022-09-16 13:45:24.341 [main] INFO  org.apache.coyote.http11.Http11NioProtocol - Starting ProtocolHandler ["http-nio-8080"]
2022-09-16 13:45:24.356 [main] INFO  o.s.boot.web.embedded.tomcat.TomcatWebServer - Tomcat started on port(s): 8080 (http) with context path ''
2022-09-16 13:45:24.357 [main] INFO  s.d.s.web.plugins.DocumentationPluginsBootstrapper - Context refreshed
2022-09-16 13:45:24.371 [main] INFO  s.d.s.web.plugins.DocumentationPluginsBootstrapper - Found 1 custom documentation plugin(s)
2022-09-16 13:45:24.397 [main] INFO  s.d.spring.web.scanners.ApiListingReferenceScanner - Scanning for api listing references
2022-09-16 13:45:24.521 [main] INFO  s.d.s.w.r.operation.CachingOperationNameGenerator - Generating unique operation named: delStuUsingGET_1
2022-09-16 13:45:24.524 [main] INFO  s.d.s.w.r.operation.CachingOperationNameGenerator - Generating unique operation named: editStuUsingPOST_1
2022-09-16 13:45:24.527 [main] INFO  s.d.s.w.r.operation.CachingOperationNameGenerator - Generating unique operation named: insertStuUsingPOST_1
2022-09-16 13:45:24.529 [main] INFO  s.d.s.w.r.operation.CachingOperationNameGenerator - Generating unique operation named: selectStuByNumberUsingGET_1
2022-09-16 13:45:24.531 [main] INFO  s.d.s.w.r.operation.CachingOperationNameGenerator - Generating unique operation named: selectStuListUsingPOST_1
2022-09-16 13:45:24.545 [main] INFO  com.kingstar.student.StudentApplication - Started StudentApplication in 2.669 seconds (JVM running for 3.78)
2022-09-16 13:45:24.547 [main] INFO  o.s.boot.availability.ApplicationAvailabilityBean - Application availability state LivenessState changed to CORRECT
2022-09-16 13:45:24.548 [main] INFO  o.s.boot.availability.ApplicationAvailabilityBean - Application availability state ReadinessState changed to ACCEPTING_TRAFFIC
2022-09-16 13:45:52.957 [http-nio-8080-exec-1] INFO  o.a.c.core.ContainerBase.[Tomcat].[localhost].[/] - Initializing Spring DispatcherServlet 'dispatcherServlet'
2022-09-16 13:45:52.957 [http-nio-8080-exec-1] INFO  org.springframework.web.servlet.DispatcherServlet - Initializing Servlet 'dispatcherServlet'
2022-09-16 13:45:52.958 [http-nio-8080-exec-1] INFO  org.springframework.web.servlet.DispatcherServlet - Completed initialization in 1 ms
2022-09-16 13:45:53.107 [http-nio-8080-exec-1] INFO  com.zaxxer.hikari.HikariDataSource - HikariPool-1 - Starting...
2022-09-16 13:45:53.224 [http-nio-8080-exec-1] INFO  com.zaxxer.hikari.HikariDataSource - HikariPool-1 - Start completed.
2022-09-16 13:48:17.248 [SpringContextShutdownHook] INFO  o.s.boot.availability.ApplicationAvailabilityBean - Application availability state ReadinessState changed from ACCEPTING_TRAFFIC to REFUSING_TRAFFIC
2022-09-16 13:48:22.492 [background-preinit] INFO  org.hibernate.validator.internal.util.Version - HV000001: Hibernate Validator 6.2.0.Final
2022-09-16 13:48:22.497 [main] INFO  com.kingstar.student.StudentApplication - Starting StudentApplication using Java 1.8.0_131 on DESKTOP-DF16NQ2 with PID 9620 (E:\student\target\classes started by 16377 in E:\student)
2022-09-16 13:48:22.497 [main] INFO  com.kingstar.student.StudentApplication - The following profiles are active: dev
2022-09-16 13:48:23.722 [main] INFO  o.s.boot.web.embedded.tomcat.TomcatWebServer - Tomcat initialized with port(s): 8080 (http)
2022-09-16 13:48:23.733 [main] INFO  org.apache.coyote.http11.Http11NioProtocol - Initializing ProtocolHandler ["http-nio-8080"]
2022-09-16 13:48:23.734 [main] INFO  org.apache.catalina.core.StandardService - Starting service [Tomcat]
2022-09-16 13:48:23.734 [main] INFO  org.apache.catalina.core.StandardEngine - Starting Servlet engine: [Apache Tomcat/9.0.46]
2022-09-16 13:48:23.826 [main] INFO  o.a.c.core.ContainerBase.[Tomcat].[localhost].[/] - Initializing Spring embedded WebApplicationContext
2022-09-16 13:48:23.826 [main] INFO  o.s.b.w.s.c.ServletWebServerApplicationContext - Root WebApplicationContext: initialization completed in 1280 ms
2022-09-16 13:48:24.326 [main] INFO  s.d.s.w.PropertySourcedRequestMappingHandlerMapping - Mapped URL path [/v2/api-docs] onto method [springfox.documentation.swagger2.web.Swagger2Controller#getDocumentation(String, HttpServletRequest)]
2022-09-16 13:48:24.589 [main] INFO  org.apache.coyote.http11.Http11NioProtocol - Starting ProtocolHandler ["http-nio-8080"]
2022-09-16 13:48:24.604 [main] INFO  o.s.boot.web.embedded.tomcat.TomcatWebServer - Tomcat started on port(s): 8080 (http) with context path ''
2022-09-16 13:48:24.605 [main] INFO  s.d.s.web.plugins.DocumentationPluginsBootstrapper - Context refreshed
2022-09-16 13:48:24.618 [main] INFO  s.d.s.web.plugins.DocumentationPluginsBootstrapper - Found 1 custom documentation plugin(s)
2022-09-16 13:48:24.646 [main] INFO  s.d.spring.web.scanners.ApiListingReferenceScanner - Scanning for api listing references
2022-09-16 13:48:24.772 [main] INFO  s.d.s.w.r.operation.CachingOperationNameGenerator - Generating unique operation named: delStuUsingGET_1
2022-09-16 13:48:24.775 [main] INFO  s.d.s.w.r.operation.CachingOperationNameGenerator - Generating unique operation named: editStuUsingPOST_1
2022-09-16 13:48:24.778 [main] INFO  s.d.s.w.r.operation.CachingOperationNameGenerator - Generating unique operation named: insertStuUsingPOST_1
2022-09-16 13:48:24.779 [main] INFO  s.d.s.w.r.operation.CachingOperationNameGenerator - Generating unique operation named: selectStuByNumberUsingGET_1
2022-09-16 13:48:24.782 [main] INFO  s.d.s.w.r.operation.CachingOperationNameGenerator - Generating unique operation named: selectStuListUsingPOST_1
2022-09-16 13:48:24.797 [main] INFO  com.kingstar.student.StudentApplication - Started StudentApplication in 2.847 seconds (JVM running for 3.897)
2022-09-16 13:48:24.799 [main] INFO  o.s.boot.availability.ApplicationAvailabilityBean - Application availability state LivenessState changed to CORRECT
2022-09-16 13:48:24.800 [main] INFO  o.s.boot.availability.ApplicationAvailabilityBean - Application availability state ReadinessState changed to ACCEPTING_TRAFFIC
2022-09-16 13:48:51.756 [http-nio-8080-exec-1] INFO  o.a.c.core.ContainerBase.[Tomcat].[localhost].[/] - Initializing Spring DispatcherServlet 'dispatcherServlet'
2022-09-16 13:48:51.756 [http-nio-8080-exec-1] INFO  org.springframework.web.servlet.DispatcherServlet - Initializing Servlet 'dispatcherServlet'
2022-09-16 13:48:51.757 [http-nio-8080-exec-1] INFO  org.springframework.web.servlet.DispatcherServlet - Completed initialization in 1 ms
2022-09-16 13:48:51.899 [http-nio-8080-exec-1] INFO  com.zaxxer.hikari.HikariDataSource - HikariPool-1 - Starting...
2022-09-16 13:48:52.013 [http-nio-8080-exec-1] INFO  com.zaxxer.hikari.HikariDataSource - HikariPool-1 - Start completed.
2022-09-16 14:41:03.664 [main] INFO  com.kingstar.student.StudentApplication - Starting StudentApplication using Java 1.8.0_131 on DESKTOP-DF16NQ2 with PID 3296 (E:\student\target\classes started by 16377 in E:\student)
2022-09-16 14:41:03.662 [background-preinit] INFO  org.hibernate.validator.internal.util.Version - HV000001: Hibernate Validator 6.2.0.Final
2022-09-16 14:41:03.666 [main] INFO  com.kingstar.student.StudentApplication - The following profiles are active: dev
2022-09-16 14:41:04.791 [main] INFO  o.s.boot.web.embedded.tomcat.TomcatWebServer - Tomcat initialized with port(s): 8080 (http)
2022-09-16 14:41:04.798 [main] INFO  org.apache.coyote.http11.Http11NioProtocol - Initializing ProtocolHandler ["http-nio-8080"]
2022-09-16 14:41:04.799 [main] INFO  org.apache.catalina.core.StandardService - Starting service [Tomcat]
2022-09-16 14:41:04.799 [main] INFO  org.apache.catalina.core.StandardEngine - Starting Servlet engine: [Apache Tomcat/9.0.46]
2022-09-16 14:41:04.910 [main] INFO  o.a.c.core.ContainerBase.[Tomcat].[localhost].[/] - Initializing Spring embedded WebApplicationContext
2022-09-16 14:41:04.911 [main] INFO  o.s.b.w.s.c.ServletWebServerApplicationContext - Root WebApplicationContext: initialization completed in 1193 ms
2022-09-16 14:41:05.464 [main] INFO  s.d.s.w.PropertySourcedRequestMappingHandlerMapping - Mapped URL path [/v2/api-docs] onto method [springfox.documentation.swagger2.web.Swagger2Controller#getDocumentation(String, HttpServletRequest)]
2022-09-16 14:41:05.735 [main] INFO  org.apache.coyote.http11.Http11NioProtocol - Starting ProtocolHandler ["http-nio-8080"]
2022-09-16 14:41:05.750 [main] INFO  o.s.boot.web.embedded.tomcat.TomcatWebServer - Tomcat started on port(s): 8080 (http) with context path ''
2022-09-16 14:41:05.751 [main] INFO  s.d.s.web.plugins.DocumentationPluginsBootstrapper - Context refreshed
2022-09-16 14:41:05.796 [main] INFO  s.d.s.web.plugins.DocumentationPluginsBootstrapper - Found 1 custom documentation plugin(s)
2022-09-16 14:41:05.825 [main] INFO  s.d.spring.web.scanners.ApiListingReferenceScanner - Scanning for api listing references
2022-09-16 14:41:05.963 [main] INFO  s.d.s.w.r.operation.CachingOperationNameGenerator - Generating unique operation named: delStuUsingGET_1
2022-09-16 14:41:05.968 [main] INFO  s.d.s.w.r.operation.CachingOperationNameGenerator - Generating unique operation named: editStuUsingPOST_1
2022-09-16 14:41:05.974 [main] INFO  s.d.s.w.r.operation.CachingOperationNameGenerator - Generating unique operation named: insertStuUsingPOST_1
2022-09-16 14:41:05.976 [main] INFO  s.d.s.w.r.operation.CachingOperationNameGenerator - Generating unique operation named: selectStuByNumberUsingGET_1
2022-09-16 14:41:05.979 [main] INFO  s.d.s.w.r.operation.CachingOperationNameGenerator - Generating unique operation named: selectStuListUsingPOST_1
2022-09-16 14:41:05.994 [main] INFO  com.kingstar.student.StudentApplication - Started StudentApplication in 2.931 seconds (JVM running for 4.013)
2022-09-16 14:41:05.996 [main] INFO  o.s.boot.availability.ApplicationAvailabilityBean - Application availability state LivenessState changed to CORRECT
2022-09-16 14:41:05.997 [main] INFO  o.s.boot.availability.ApplicationAvailabilityBean - Application availability state ReadinessState changed to ACCEPTING_TRAFFIC
2022-09-16 14:41:27.777 [http-nio-8080-exec-1] INFO  o.a.c.core.ContainerBase.[Tomcat].[localhost].[/] - Initializing Spring DispatcherServlet 'dispatcherServlet'
2022-09-16 14:41:27.777 [http-nio-8080-exec-1] INFO  org.springframework.web.servlet.DispatcherServlet - Initializing Servlet 'dispatcherServlet'
2022-09-16 14:41:27.778 [http-nio-8080-exec-1] INFO  org.springframework.web.servlet.DispatcherServlet - Completed initialization in 1 ms
2022-09-16 14:41:27.924 [http-nio-8080-exec-1] INFO  com.zaxxer.hikari.HikariDataSource - HikariPool-1 - Starting...
2022-09-16 14:41:28.049 [http-nio-8080-exec-1] INFO  com.zaxxer.hikari.HikariDataSource - HikariPool-1 - Start completed.
2022-09-16 14:47:20.593 [SpringContextShutdownHook] INFO  o.s.boot.availability.ApplicationAvailabilityBean - Application availability state ReadinessState changed from ACCEPTING_TRAFFIC to REFUSING_TRAFFIC
2022-09-16 14:47:26.318 [background-preinit] INFO  org.hibernate.validator.internal.util.Version - HV000001: Hibernate Validator 6.2.0.Final
2022-09-16 14:47:26.319 [main] INFO  com.kingstar.student.StudentApplication - Starting StudentApplication using Java 1.8.0_131 on DESKTOP-DF16NQ2 with PID 18288 (E:\student\target\classes started by 16377 in E:\student)
2022-09-16 14:47:26.322 [main] INFO  com.kingstar.student.StudentApplication - The following profiles are active: dev
2022-09-16 14:47:27.435 [main] INFO  o.s.boot.web.embedded.tomcat.TomcatWebServer - Tomcat initialized with port(s): 8080 (http)
2022-09-16 14:47:27.443 [main] INFO  org.apache.coyote.http11.Http11NioProtocol - Initializing ProtocolHandler ["http-nio-8080"]
2022-09-16 14:47:27.444 [main] INFO  org.apache.catalina.core.StandardService - Starting service [Tomcat]
2022-09-16 14:47:27.444 [main] INFO  org.apache.catalina.core.StandardEngine - Starting Servlet engine: [Apache Tomcat/9.0.46]
2022-09-16 14:47:27.525 [main] INFO  o.a.c.core.ContainerBase.[Tomcat].[localhost].[/] - Initializing Spring embedded WebApplicationContext
2022-09-16 14:47:27.525 [main] INFO  o.s.b.w.s.c.ServletWebServerApplicationContext - Root WebApplicationContext: initialization completed in 1161 ms
2022-09-16 14:47:28.142 [main] INFO  s.d.s.w.PropertySourcedRequestMappingHandlerMapping - Mapped URL path [/v2/api-docs] onto method [springfox.documentation.swagger2.web.Swagger2Controller#getDocumentation(String, HttpServletRequest)]
2022-09-16 14:47:28.429 [main] INFO  org.apache.coyote.http11.Http11NioProtocol - Starting ProtocolHandler ["http-nio-8080"]
2022-09-16 14:47:28.444 [main] INFO  o.s.boot.web.embedded.tomcat.TomcatWebServer - Tomcat started on port(s): 8080 (http) with context path ''
2022-09-16 14:47:28.445 [main] INFO  s.d.s.web.plugins.DocumentationPluginsBootstrapper - Context refreshed
2022-09-16 14:47:28.459 [main] INFO  s.d.s.web.plugins.DocumentationPluginsBootstrapper - Found 1 custom documentation plugin(s)
2022-09-16 14:47:28.487 [main] INFO  s.d.spring.web.scanners.ApiListingReferenceScanner - Scanning for api listing references
2022-09-16 14:47:28.611 [main] INFO  s.d.s.w.r.operation.CachingOperationNameGenerator - Generating unique operation named: delStuUsingGET_1
2022-09-16 14:47:28.614 [main] INFO  s.d.s.w.r.operation.CachingOperationNameGenerator - Generating unique operation named: editStuUsingPOST_1
2022-09-16 14:47:28.617 [main] INFO  s.d.s.w.r.operation.CachingOperationNameGenerator - Generating unique operation named: insertStuUsingPOST_1
2022-09-16 14:47:28.618 [main] INFO  s.d.s.w.r.operation.CachingOperationNameGenerator - Generating unique operation named: selectStuByNumberUsingGET_1
2022-09-16 14:47:28.620 [main] INFO  s.d.s.w.r.operation.CachingOperationNameGenerator - Generating unique operation named: selectStuListUsingPOST_1
2022-09-16 14:47:28.637 [main] INFO  com.kingstar.student.StudentApplication - Started StudentApplication in 2.933 seconds (JVM running for 4.001)
2022-09-16 14:47:28.638 [main] INFO  o.s.boot.availability.ApplicationAvailabilityBean - Application availability state LivenessState changed to CORRECT
2022-09-16 14:47:28.639 [main] INFO  o.s.boot.availability.ApplicationAvailabilityBean - Application availability state ReadinessState changed to ACCEPTING_TRAFFIC
2022-09-16 14:47:43.510 [http-nio-8080-exec-1] INFO  o.a.c.core.ContainerBase.[Tomcat].[localhost].[/] - Initializing Spring DispatcherServlet 'dispatcherServlet'
2022-09-16 14:47:43.511 [http-nio-8080-exec-1] INFO  org.springframework.web.servlet.DispatcherServlet - Initializing Servlet 'dispatcherServlet'
2022-09-16 14:47:43.512 [http-nio-8080-exec-1] INFO  org.springframework.web.servlet.DispatcherServlet - Completed initialization in 1 ms
2022-09-16 14:47:43.651 [http-nio-8080-exec-1] INFO  com.zaxxer.hikari.HikariDataSource - HikariPool-1 - Starting...
2022-09-16 14:47:43.773 [http-nio-8080-exec-1] INFO  com.zaxxer.hikari.HikariDataSource - HikariPool-1 - Start completed.
2022-09-16 14:47:57.122 [SpringContextShutdownHook] INFO  o.s.boot.availability.ApplicationAvailabilityBean - Application availability state ReadinessState changed from ACCEPTING_TRAFFIC to REFUSING_TRAFFIC
2022-09-16 14:48:01.116 [background-preinit] INFO  org.hibernate.validator.internal.util.Version - HV000001: Hibernate Validator 6.2.0.Final
2022-09-16 14:48:01.119 [main] INFO  com.kingstar.student.StudentApplication - Starting StudentApplication using Java 1.8.0_131 on DESKTOP-DF16NQ2 with PID 20780 (E:\student\target\classes started by 16377 in E:\student)
2022-09-16 14:48:01.120 [main] INFO  com.kingstar.student.StudentApplication - The following profiles are active: dev
2022-09-16 14:48:02.206 [main] INFO  o.s.boot.web.embedded.tomcat.TomcatWebServer - Tomcat initialized with port(s): 8080 (http)
2022-09-16 14:48:02.215 [main] INFO  org.apache.coyote.http11.Http11NioProtocol - Initializing ProtocolHandler ["http-nio-8080"]
2022-09-16 14:48:02.216 [main] INFO  org.apache.catalina.core.StandardService - Starting service [Tomcat]
2022-09-16 14:48:02.216 [main] INFO  org.apache.catalina.core.StandardEngine - Starting Servlet engine: [Apache Tomcat/9.0.46]
2022-09-16 14:48:02.302 [main] INFO  o.a.c.core.ContainerBase.[Tomcat].[localhost].[/] - Initializing Spring embedded WebApplicationContext
2022-09-16 14:48:02.303 [main] INFO  o.s.b.w.s.c.ServletWebServerApplicationContext - Root WebApplicationContext: initialization completed in 1139 ms
2022-09-16 14:48:02.809 [main] INFO  s.d.s.w.PropertySourcedRequestMappingHandlerMapping - Mapped URL path [/v2/api-docs] onto method [springfox.documentation.swagger2.web.Swagger2Controller#getDocumentation(String, HttpServletRequest)]
2022-09-16 14:48:03.080 [main] INFO  org.apache.coyote.http11.Http11NioProtocol - Starting ProtocolHandler ["http-nio-8080"]
2022-09-16 14:48:03.095 [main] INFO  o.s.boot.web.embedded.tomcat.TomcatWebServer - Tomcat started on port(s): 8080 (http) with context path ''
2022-09-16 14:48:03.096 [main] INFO  s.d.s.web.plugins.DocumentationPluginsBootstrapper - Context refreshed
2022-09-16 14:48:03.109 [main] INFO  s.d.s.web.plugins.DocumentationPluginsBootstrapper - Found 1 custom documentation plugin(s)
2022-09-16 14:48:03.137 [main] INFO  s.d.spring.web.scanners.ApiListingReferenceScanner - Scanning for api listing references
2022-09-16 14:48:03.260 [main] INFO  s.d.s.w.r.operation.CachingOperationNameGenerator - Generating unique operation named: delStuUsingGET_1
2022-09-16 14:48:03.263 [main] INFO  s.d.s.w.r.operation.CachingOperationNameGenerator - Generating unique operation named: editStuUsingPOST_1
2022-09-16 14:48:03.266 [main] INFO  s.d.s.w.r.operation.CachingOperationNameGenerator - Generating unique operation named: insertStuUsingPOST_1
2022-09-16 14:48:03.267 [main] INFO  s.d.s.w.r.operation.CachingOperationNameGenerator - Generating unique operation named: selectStuByNumberUsingGET_1
2022-09-16 14:48:03.270 [main] INFO  s.d.s.w.r.operation.CachingOperationNameGenerator - Generating unique operation named: selectStuListUsingPOST_1
2022-09-16 14:48:03.284 [main] INFO  com.kingstar.student.StudentApplication - Started StudentApplication in 2.765 seconds (JVM running for 3.846)
2022-09-16 14:48:03.286 [main] INFO  o.s.boot.availability.ApplicationAvailabilityBean - Application availability state LivenessState changed to CORRECT
2022-09-16 14:48:03.287 [main] INFO  o.s.boot.availability.ApplicationAvailabilityBean - Application availability state ReadinessState changed to ACCEPTING_TRAFFIC
2022-09-16 14:48:22.950 [http-nio-8080-exec-2] INFO  o.a.c.core.ContainerBase.[Tomcat].[localhost].[/] - Initializing Spring DispatcherServlet 'dispatcherServlet'
2022-09-16 14:48:22.950 [http-nio-8080-exec-2] INFO  org.springframework.web.servlet.DispatcherServlet - Initializing Servlet 'dispatcherServlet'
2022-09-16 14:48:22.951 [http-nio-8080-exec-2] INFO  org.springframework.web.servlet.DispatcherServlet - Completed initialization in 1 ms
2022-09-16 14:48:23.090 [http-nio-8080-exec-2] INFO  com.zaxxer.hikari.HikariDataSource - HikariPool-1 - Starting...
2022-09-16 14:48:23.206 [http-nio-8080-exec-2] INFO  com.zaxxer.hikari.HikariDataSource - HikariPool-1 - Start completed.
2022-09-16 14:49:45.573 [SpringContextShutdownHook] INFO  o.s.boot.availability.ApplicationAvailabilityBean - Application availability state ReadinessState changed from ACCEPTING_TRAFFIC to REFUSING_TRAFFIC
2022-09-16 14:49:51.520 [background-preinit] INFO  org.hibernate.validator.internal.util.Version - HV000001: Hibernate Validator 6.2.0.Final
2022-09-16 14:49:51.525 [main] INFO  com.kingstar.student.StudentApplication - Starting StudentApplication using Java 1.8.0_131 on DESKTOP-DF16NQ2 with PID 22884 (E:\student\target\classes started by 16377 in E:\student)
2022-09-16 14:49:51.526 [main] INFO  com.kingstar.student.StudentApplication - The following profiles are active: dev
2022-09-16 14:49:52.732 [main] INFO  o.s.boot.web.embedded.tomcat.TomcatWebServer - Tomcat initialized with port(s): 8080 (http)
2022-09-16 14:49:52.740 [main] INFO  org.apache.coyote.http11.Http11NioProtocol - Initializing ProtocolHandler ["http-nio-8080"]
2022-09-16 14:49:52.740 [main] INFO  org.apache.catalina.core.StandardService - Starting service [Tomcat]
2022-09-16 14:49:52.740 [main] INFO  org.apache.catalina.core.StandardEngine - Starting Servlet engine: [Apache Tomcat/9.0.46]
2022-09-16 14:49:52.826 [main] INFO  o.a.c.core.ContainerBase.[Tomcat].[localhost].[/] - Initializing Spring embedded WebApplicationContext
2022-09-16 14:49:52.826 [main] INFO  o.s.b.w.s.c.ServletWebServerApplicationContext - Root WebApplicationContext: initialization completed in 1241 ms
2022-09-16 14:49:53.353 [main] INFO  s.d.s.w.PropertySourcedRequestMappingHandlerMapping - Mapped URL path [/v2/api-docs] onto method [springfox.documentation.swagger2.web.Swagger2Controller#getDocumentation(String, HttpServletRequest)]
2022-09-16 14:49:53.648 [main] INFO  org.apache.coyote.http11.Http11NioProtocol - Starting ProtocolHandler ["http-nio-8080"]
2022-09-16 14:49:53.664 [main] INFO  o.s.boot.web.embedded.tomcat.TomcatWebServer - Tomcat started on port(s): 8080 (http) with context path ''
2022-09-16 14:49:53.665 [main] INFO  s.d.s.web.plugins.DocumentationPluginsBootstrapper - Context refreshed
2022-09-16 14:49:53.678 [main] INFO  s.d.s.web.plugins.DocumentationPluginsBootstrapper - Found 1 custom documentation plugin(s)
2022-09-16 14:49:53.705 [main] INFO  s.d.spring.web.scanners.ApiListingReferenceScanner - Scanning for api listing references
2022-09-16 14:49:53.837 [main] INFO  s.d.s.w.r.operation.CachingOperationNameGenerator - Generating unique operation named: delStuUsingGET_1
2022-09-16 14:49:53.840 [main] INFO  s.d.s.w.r.operation.CachingOperationNameGenerator - Generating unique operation named: editStuUsingPOST_1
2022-09-16 14:49:53.843 [main] INFO  s.d.s.w.r.operation.CachingOperationNameGenerator - Generating unique operation named: insertStuUsingPOST_1
2022-09-16 14:49:53.844 [main] INFO  s.d.s.w.r.operation.CachingOperationNameGenerator - Generating unique operation named: selectStuByNumberUsingGET_1
2022-09-16 14:49:53.847 [main] INFO  s.d.s.w.r.operation.CachingOperationNameGenerator - Generating unique operation named: selectStuListUsingPOST_1
2022-09-16 14:49:53.862 [main] INFO  com.kingstar.student.StudentApplication - Started StudentApplication in 2.991 seconds (JVM running for 4.171)
2022-09-16 14:49:53.863 [main] INFO  o.s.boot.availability.ApplicationAvailabilityBean - Application availability state LivenessState changed to CORRECT
2022-09-16 14:49:53.864 [main] INFO  o.s.boot.availability.ApplicationAvailabilityBean - Application availability state ReadinessState changed to ACCEPTING_TRAFFIC
2022-09-16 14:50:12.622 [http-nio-8080-exec-2] INFO  o.a.c.core.ContainerBase.[Tomcat].[localhost].[/] - Initializing Spring DispatcherServlet 'dispatcherServlet'
2022-09-16 14:50:12.622 [http-nio-8080-exec-2] INFO  org.springframework.web.servlet.DispatcherServlet - Initializing Servlet 'dispatcherServlet'
2022-09-16 14:50:12.623 [http-nio-8080-exec-2] INFO  org.springframework.web.servlet.DispatcherServlet - Completed initialization in 1 ms
2022-09-16 14:50:12.777 [http-nio-8080-exec-2] INFO  com.zaxxer.hikari.HikariDataSource - HikariPool-1 - Starting...
2022-09-16 14:50:12.911 [http-nio-8080-exec-2] INFO  com.zaxxer.hikari.HikariDataSource - HikariPool-1 - Start completed.
2022-09-16 15:09:36.952 [SpringContextShutdownHook] INFO  o.s.boot.availability.ApplicationAvailabilityBean - Application availability state ReadinessState changed from ACCEPTING_TRAFFIC to REFUSING_TRAFFIC
2022-09-16 15:09:43.015 [background-preinit] INFO  org.hibernate.validator.internal.util.Version - HV000001: Hibernate Validator 6.2.0.Final
2022-09-16 15:09:43.020 [main] INFO  com.kingstar.student.StudentApplication - Starting StudentApplication using Java 1.8.0_131 on DESKTOP-DF16NQ2 with PID 2288 (E:\student\target\classes started by 16377 in E:\student)
2022-09-16 15:09:43.021 [main] INFO  com.kingstar.student.StudentApplication - The following profiles are active: dev
2022-09-16 15:09:44.197 [main] INFO  o.s.boot.web.embedded.tomcat.TomcatWebServer - Tomcat initialized with port(s): 8080 (http)
2022-09-16 15:09:44.216 [main] INFO  org.apache.coyote.http11.Http11NioProtocol - Initializing ProtocolHandler ["http-nio-8080"]
2022-09-16 15:09:44.216 [main] INFO  org.apache.catalina.core.StandardService - Starting service [Tomcat]
2022-09-16 15:09:44.216 [main] INFO  org.apache.catalina.core.StandardEngine - Starting Servlet engine: [Apache Tomcat/9.0.46]
2022-09-16 15:09:44.297 [main] INFO  o.a.c.core.ContainerBase.[Tomcat].[localhost].[/] - Initializing Spring embedded WebApplicationContext
2022-09-16 15:09:44.297 [main] INFO  o.s.b.w.s.c.ServletWebServerApplicationContext - Root WebApplicationContext: initialization completed in 1223 ms
2022-09-16 15:09:44.845 [main] INFO  s.d.s.w.PropertySourcedRequestMappingHandlerMapping - Mapped URL path [/v2/api-docs] onto method [springfox.documentation.swagger2.web.Swagger2Controller#getDocumentation(String, HttpServletRequest)]
2022-09-16 15:09:45.133 [main] INFO  org.apache.coyote.http11.Http11NioProtocol - Starting ProtocolHandler ["http-nio-8080"]
2022-09-16 15:09:45.148 [main] INFO  o.s.boot.web.embedded.tomcat.TomcatWebServer - Tomcat started on port(s): 8080 (http) with context path ''
2022-09-16 15:09:45.149 [main] INFO  s.d.s.web.plugins.DocumentationPluginsBootstrapper - Context refreshed
2022-09-16 15:09:45.163 [main] INFO  s.d.s.web.plugins.DocumentationPluginsBootstrapper - Found 1 custom documentation plugin(s)
2022-09-16 15:09:45.190 [main] INFO  s.d.spring.web.scanners.ApiListingReferenceScanner - Scanning for api listing references
2022-09-16 15:09:45.320 [main] INFO  s.d.s.w.r.operation.CachingOperationNameGenerator - Generating unique operation named: delStuUsingGET_1
2022-09-16 15:09:45.323 [main] INFO  s.d.s.w.r.operation.CachingOperationNameGenerator - Generating unique operation named: editStuUsingPOST_1
2022-09-16 15:09:45.327 [main] INFO  s.d.s.w.r.operation.CachingOperationNameGenerator - Generating unique operation named: insertStuUsingPOST_1
2022-09-16 15:09:45.328 [main] INFO  s.d.s.w.r.operation.CachingOperationNameGenerator - Generating unique operation named: selectStuByNumberUsingGET_1
2022-09-16 15:09:45.331 [main] INFO  s.d.s.w.r.operation.CachingOperationNameGenerator - Generating unique operation named: selectStuListUsingPOST_1
2022-09-16 15:09:45.346 [main] INFO  com.kingstar.student.StudentApplication - Started StudentApplication in 2.894 seconds (JVM running for 4.122)
2022-09-16 15:09:45.347 [main] INFO  o.s.boot.availability.ApplicationAvailabilityBean - Application availability state LivenessState changed to CORRECT
2022-09-16 15:09:45.349 [main] INFO  o.s.boot.availability.ApplicationAvailabilityBean - Application availability state ReadinessState changed to ACCEPTING_TRAFFIC
2022-09-16 15:10:31.845 [http-nio-8080-exec-2] INFO  o.a.c.core.ContainerBase.[Tomcat].[localhost].[/] - Initializing Spring DispatcherServlet 'dispatcherServlet'
2022-09-16 15:10:31.845 [http-nio-8080-exec-2] INFO  org.springframework.web.servlet.DispatcherServlet - Initializing Servlet 'dispatcherServlet'
2022-09-16 15:10:31.846 [http-nio-8080-exec-2] INFO  org.springframework.web.servlet.DispatcherServlet - Completed initialization in 1 ms
